2026-02-04 00:25:25 INFO  com.revshop.service.UserService - Login attempt for: naveen@12345.com
2026-02-04 00:25:25 INFO  com.revshop.service.UserService - Login successful for: naveen@12345.com
2026-02-04 00:26:49 INFO  com.revshop.service.PaymentService - Processing CARD payment for ₹140000.0
2026-02-04 00:26:49 INFO  com.revshop.service.PaymentService - Payment successful via CARD
2026-02-04 00:26:49 INFO  com.revshop.service.OrderService - Order placed successfully. Total amount = ₹140000.0
2026-02-04 00:26:49 INFO  com.revshop.notification.NotificationService - Notification sent to naveen@12345.com: Order placed successfully
2026-02-04 16:52:53 INFO  com.revshop.service.UserService - Attempting to register buyer: raju@gmail.com
2026-02-04 16:52:54 INFO  com.revshop.service.UserService - Buyer registered successfully: raju@gmail.com
2026-02-04 16:56:26 INFO  com.revshop.service.UserService - Attempting to register seller: spacex@gmail.com
2026-02-04 16:56:26 INFO  com.revshop.service.UserService - Seller registered successfully: spacex@gmail.com
2026-02-04 16:57:30 INFO  com.revshop.service.UserService - Login attempt for: raju@gmail.com
2026-02-04 16:57:30 INFO  com.revshop.service.UserService - Login successful for: raju@gmail.com
2026-02-04 16:57:43 INFO  com.revshop.service.ProductService - Browsing all products
2026-02-04 16:58:24 INFO  com.revshop.service.ProductService - Browsing products by category=Electronics
2026-02-04 17:00:38 INFO  com.revshop.service.PaymentService - Processing upi payment for ₹70000.0
2026-02-04 17:00:38 INFO  com.revshop.service.PaymentService - Payment successful via upi
2026-02-04 17:00:38 INFO  com.revshop.service.OrderService - Order placed for raju@gmail.com
2026-02-04 17:00:38 INFO  com.revshop.notification.NotificationService - Notification sent to raju@gmail.com: Order placed successfully
2026-02-04 17:02:33 INFO  com.revshop.service.UserService - Login attempt for: spacex@gmail.com
2026-02-04 17:02:33 INFO  com.revshop.service.UserService - Login successful for: spacex@gmail.com
2026-02-04 17:03:27 INFO  com.revshop.service.UserService - Login attempt for: raju@gmail.com
2026-02-04 17:03:27 INFO  com.revshop.service.UserService - Login successful for: raju@gmail.com
2026-02-05 14:45:42 INFO  com.revshop.service.UserService - Login attempt for: raju@gmail.com
2026-02-05 14:45:43 INFO  com.revshop.service.UserService - Login successful for: raju@gmail.com
2026-02-05 14:48:54 INFO  com.revshop.service.ProductService - Browsing all products
2026-02-05 14:49:08 INFO  com.revshop.service.ProductService - Browsing products by category=Electronics
2026-02-05 14:49:36 INFO  com.revshop.service.PaymentService - Processing COD payment for ₹70000.0
2026-02-05 14:49:36 INFO  com.revshop.service.PaymentService - Payment successful via COD
2026-02-05 14:49:36 INFO  com.revshop.service.OrderService - Order placed for raju@gmail.com
2026-02-05 14:49:36 INFO  com.revshop.notification.NotificationService - Notification sent to raju@gmail.com: Order placed successfully
2026-02-05 14:52:44 INFO  com.revshop.service.ProductService - Browsing all products
2026-02-05 14:54:59 INFO  com.revshop.service.UserService - Login attempt for: spacex@gmail.com
2026-02-05 14:54:59 INFO  com.revshop.service.UserService - Login successful for: spacex@gmail.com
2026-02-05 14:55:16 INFO  com.revshop.service.ProductService - Fetching products for sellerId=13
2026-02-05 15:03:29 INFO  com.revshop.service.ProductService - Adding product: x-watch-1.0.1
2026-02-05 15:03:29 INFO  com.revshop.service.ProductService - Product added successfully
2026-02-05 15:03:36 INFO  com.revshop.service.ProductService - Fetching products for sellerId=13
2026-02-05 15:04:27 INFO  com.revshop.service.ProductService - Updating stock for productId=3, quantity=210
2026-02-05 15:04:27 INFO  com.revshop.service.ProductService - Stock updated successfully
2026-02-05 15:04:37 INFO  com.revshop.service.ProductService - Fetching products for sellerId=13
2026-02-05 15:13:56 INFO  com.revshop.service.ProductService - Adding product: x-watch-2.1
2026-02-05 15:13:56 INFO  com.revshop.service.ProductService - Product added successfully
2026-02-05 15:14:30 INFO  com.revshop.service.UserService - Login attempt for: raju@gmail.com
2026-02-05 15:14:30 INFO  com.revshop.service.UserService - Login successful for: raju@gmail.com
2026-02-05 15:14:34 INFO  com.revshop.service.ProductService - Browsing all products
2026-02-05 15:15:07 INFO  com.revshop.service.ProductService - Browsing products by category=Gadgets
2026-02-05 15:15:53 INFO  com.revshop.service.PaymentService - Processing CARD payment for ₹3600.0
2026-02-05 15:15:53 INFO  com.revshop.service.PaymentService - Payment successful via CARD
2026-02-05 15:15:53 INFO  com.revshop.service.OrderService - Order placed for raju@gmail.com
2026-02-05 15:15:53 INFO  com.revshop.notification.NotificationService - Notification sent to raju@gmail.com: Order placed successfully
2026-02-05 15:16:12 INFO  com.revshop.service.ProductService - Browsing all products
2026-02-05 15:24:01 INFO  com.revshop.service.UserService - Login attempt for: spacex@gmail.com
2026-02-05 15:24:02 INFO  com.revshop.service.UserService - Login successful for: spacex@gmail.com
2026-02-05 15:24:19 INFO  com.revshop.service.ProductService - Fetching products for sellerId=13
2026-02-05 21:32:13 INFO  com.revshop.service.UserService - Login attempt for alan@gmail.com
2026-02-05 21:32:13 INFO  com.revshop.service.UserService - Login successful for alan@gmail.com
2026-02-05 21:32:40 INFO  com.revshop.service.ProductService - Browsing all products
2026-02-05 21:33:32 INFO  com.revshop.service.PaymentService - Processing upi payment for ₹3600.0
2026-02-05 21:33:32 INFO  com.revshop.service.PaymentService - Payment successful via upi
2026-02-05 21:33:32 INFO  com.revshop.service.OrderService - Order placed successfully for alan@gmail.com
2026-02-05 21:33:32 INFO  com.revshop.notification.NotificationService - Notification sent to alan@gmail.com: Order placed successfully
2026-02-05 21:33:59 INFO  com.revshop.service.ProductService - Browsing all products
2026-02-05 21:34:20 INFO  com.revshop.service.ProductService - Browsing products by category=Electronics
2026-02-05 21:35:11 INFO  com.revshop.service.PaymentService - Processing COD payment for ₹210000.0
2026-02-05 21:35:11 INFO  com.revshop.service.PaymentService - Payment successful via COD
2026-02-05 21:35:11 INFO  com.revshop.service.OrderService - Order placed successfully for alan@gmail.com
2026-02-05 21:35:11 INFO  com.revshop.notification.NotificationService - Notification sent to alan@gmail.com: Order placed successfully
2026-02-05 21:35:18 INFO  com.revshop.service.ProductService - Browsing all products
2026-02-05 21:35:53 INFO  com.revshop.service.UserService - Login attempt for zudio@gmail.com
2026-02-05 21:35:53 INFO  com.revshop.service.UserService - Login successful for zudio@gmail.com
2026-02-05 21:38:28 INFO  com.revshop.service.ProductService - Adding product: Blue Denim Geans -Men
2026-02-05 21:38:28 INFO  com.revshop.service.ProductService - Product added successfully
2026-02-05 21:38:36 INFO  com.revshop.service.ProductService - Fetching products for sellerId=15
2026-02-05 21:38:52 INFO  com.revshop.service.ProductService - Updating stock for productId=5, quantity=150
2026-02-05 21:38:52 INFO  com.revshop.service.ProductService - Stock updated successfully
2026-02-05 21:39:37 INFO  com.revshop.service.UserService - Login attempt for spacex@gmail.com
2026-02-05 21:39:37 INFO  com.revshop.service.UserService - Login successful for spacex@gmail.com
2026-02-05 21:41:57 INFO  com.revshop.service.ProductService - Updating stock for productId=3, quantity=250
2026-02-05 21:41:57 INFO  com.revshop.service.ProductService - Stock updated successfully
2026-02-05 21:42:12 INFO  com.revshop.service.ProductService - Fetching products for sellerId=13
2026-02-05 21:42:38 INFO  com.revshop.service.ProductService - Deleting productId=4
2026-02-05 21:42:38 INFO  com.revshop.service.ProductService - Product deleted successfully
2026-02-05 21:42:44 INFO  com.revshop.service.ProductService - Fetching products for sellerId=13
2026-02-05 21:43:08 INFO  com.revshop.service.UserService - Login attempt for alan@gmail.com
2026-02-05 21:43:09 INFO  com.revshop.service.UserService - Login successful for alan@gmail.com
2026-02-05 21:43:16 INFO  com.revshop.service.ProductService - Browsing all products
2026-02-05 21:59:30 INFO  com.revshop.service.UserService - Login attempt for hp@gmail.com
2026-02-05 21:59:30 INFO  com.revshop.service.UserService - Login successful for hp@gmail.com
2026-02-05 22:02:19 INFO  com.revshop.service.ProductService - Adding product: Hp pavilion laptop
2026-02-05 22:02:19 INFO  com.revshop.service.ProductService - Product added successfully
2026-02-05 22:04:27 INFO  com.revshop.service.ProductService - Adding product: Hp Laptop 15s
2026-02-05 22:04:27 INFO  com.revshop.service.ProductService - Product added successfully
2026-02-05 22:04:33 INFO  com.revshop.service.ProductService - Fetching products for sellerId=17
2026-02-06 10:48:13 INFO  com.revshop.service.UserService - Login attempt for bob@gmail.com
2026-02-06 10:48:13 INFO  com.revshop.service.UserService - Login successful for bob@gmail.com
2026-02-06 10:49:52 INFO  com.revshop.service.ProductService - Browsing all products
2026-02-06 10:50:13 INFO  com.revshop.service.ProductService - Browsing products by category=Laptops
2026-02-06 11:56:01 INFO  com.revshop.service.UserService - Login attempt for bob@gmail.com
2026-02-06 11:56:01 INFO  com.revshop.service.UserService - Login successful for bob@gmail.com
2026-02-06 11:56:39 INFO  com.revshop.service.ProductService - Browsing all products
2026-02-06 11:57:41 INFO  com.revshop.service.UserService - Login attempt for zudio@gmail.com
2026-02-06 11:57:41 INFO  com.revshop.service.UserService - Login successful for zudio@gmail.com
2026-02-06 11:59:11 INFO  com.revshop.service.ProductService - Adding product: white polo Tshirt
2026-02-06 11:59:11 INFO  com.revshop.service.ProductService - Product added successfully
2026-02-06 11:59:20 INFO  com.revshop.service.ProductService - Fetching products for sellerId=15
2026-02-06 12:00:27 INFO  com.revshop.service.ProductService - Updating stock for productId=8, quantity=20
2026-02-06 12:00:28 INFO  com.revshop.service.ProductService - Stock updated successfully
2026-02-06 12:00:32 INFO  com.revshop.service.ProductService - Fetching products for sellerId=15
2026-02-06 12:01:20 INFO  com.revshop.service.UserService - Login attempt for bob@gmail.com
2026-02-06 12:01:20 INFO  com.revshop.service.UserService - Login successful for bob@gmail.com
2026-02-06 12:01:24 INFO  com.revshop.service.ProductService - Browsing all products
2026-02-06 12:01:47 INFO  com.revshop.service.PaymentService - Processing COD payment for ₹1000.0
2026-02-06 12:01:47 INFO  com.revshop.service.PaymentService - Payment successful via COD
2026-02-06 12:01:47 INFO  com.revshop.service.OrderService - Order placed successfully for bob@gmail.com
2026-02-06 12:01:47 INFO  com.revshop.notification.NotificationService - Notification sent to bob@gmail.com: Order placed successfully
2026-02-06 12:02:22 INFO  com.revshop.service.UserService - Login attempt for zudio@gmail.com
2026-02-06 12:02:22 INFO  com.revshop.service.UserService - Login successful for zudio@gmail.com
